0 info it worked if it ends with ok
1 verbose cli [ 'C:\\Program Files\\nodejs\\node.exe',
1 verbose cli   'C:\\Program Files\\nodejs\\node_modules\\npm\\bin\\npm-cli.js',
1 verbose cli   'publish' ]
2 info using npm@3.3.12
3 info using node@v5.1.0
4 verbose publish [ '.' ]
5 silly cache add args [ '.', null ]
6 verbose cache add spec .
7 silly cache add parsed spec Result {
7 silly cache add   raw: '.',
7 silly cache add   scope: null,
7 silly cache add   name: null,
7 silly cache add   rawSpec: '.',
7 silly cache add   spec: 'C:\\Rishi\\Programming\\NodeJS\\billboard-top-100',
7 silly cache add   type: 'directory' }
8 verbose addLocalDirectory C:\Users\Darth\AppData\Roaming\npm-cache\billboard-top-100\1.0.6\package.tgz not in flight; packing
9 info lifecycle billboard-top-100@1.0.6~prepublish: billboard-top-100@1.0.6
10 silly lifecycle billboard-top-100@1.0.6~prepublish: no script for prepublish, continuing
11 verbose tar pack [ 'C:\\Users\\Darth\\AppData\\Roaming\\npm-cache\\billboard-top-100\\1.0.6\\package.tgz',
11 verbose tar pack   'C:\\Rishi\\Programming\\NodeJS\\billboard-top-100' ]
12 verbose tarball C:\Users\Darth\AppData\Roaming\npm-cache\billboard-top-100\1.0.6\package.tgz
13 verbose folder C:\Rishi\Programming\NodeJS\billboard-top-100
14 verbose addLocalTarball adding from inside cache C:\Users\Darth\AppData\Roaming\npm-cache\billboard-top-100\1.0.6\package.tgz
15 silly cache afterAdd billboard-top-100@1.0.6
16 verbose afterAdd C:\Users\Darth\AppData\Roaming\npm-cache\billboard-top-100\1.0.6\package\package.json not in flight; writing
17 verbose afterAdd C:\Users\Darth\AppData\Roaming\npm-cache\billboard-top-100\1.0.6\package\package.json written
18 silly publish { name: 'billboard-top-100',
18 silly publish   version: '1.0.6',
18 silly publish   description: 'Gets the top 100 songs from Billboard\'s "The Hot 100"',
18 silly publish   main: 'billboard-top-100.js',
18 silly publish   dependencies: { cheerio: '^0.20.0', request: '^2.72.0' },
18 silly publish   devDependencies: {},
18 silly publish   scripts: { test: 'echo "Error: no test specified" && exit 1' },
18 silly publish   repository:
18 silly publish    { type: 'git',
18 silly publish      url: 'git+https://github.com/darthbatman/billboard-top-100.git' },
18 silly publish   keywords: [ 'billboard', 'top', '100', 'songs', 'music' ],
18 silly publish   author:
18 silly publish    { name: 'Rishi Masand',
18 silly publish      email: 'darthanakin44@gmail.com',
18 silly publish      url: 'https://github.com/darthbatman' },
18 silly publish   license: 'MIT',
18 silly publish   bugs: { url: 'https://github.com/darthbatman/billboard-top-100/issues' },
18 silly publish   homepage: 'https://github.com/darthbatman/billboard-top-100#readme',
18 silly publish   readme: '# billboard-top-100\r\nNode.js API to retrieve top 100 songs from Billboard\'s The Hot 100\r\n\r\n# install\r\n\r\n```\r\nnpm install billboard-top-100\r\n```\r\n\r\n# example\r\n\r\n```js\r\nvar billboard = require("billboard-top-100");\r\n\r\nbillboard(function(songs){\r\n\tconsole.log(songs); //prints array of top 100 songs\r\n\tconsole.log(songs[3]); //prints song with rank: 4\r\n\tconsole.log(songs[0].title); //prints title of top song\r\n\tconsole.log(songs[0].artist); //prints artist of top songs\r\n\tconsole.log(songs[0].rank) //prints rank of top song (1)\r\n\tconsole.log(song[0].cover) //prints URL for Billboard cover image\r\n});\r\n```\r\n# api\r\n\r\n### songs\r\n\r\nType: `array`\r\n\r\nSong objects.\r\n\r\n### songObject.rank\r\n\r\nType: `number`\r\n\r\nRank of song on charts.\r\n\r\n### songObject.title\r\n\r\nType: `string`\r\n\r\nTitle of song.\r\n\r\n### songObject.artist\r\n\r\nType: `string`\r\n\r\nName of artist of song.\r\n\r\n# license\r\n\r\nMIT © [Rishi Masand](https://github.com/darthbatman)\r\n',
18 silly publish   readmeFilename: 'README.md',
18 silly publish   gitHead: 'e283cc014250e58e40bb0a3b48aae341a187df0b',
18 silly publish   _id: 'billboard-top-100@1.0.6',
18 silly publish   _shasum: 'f2055eeb7f617117739f50824b4b336a4d2a0523',
18 silly publish   _from: '.' }
19 verbose getPublishConfig undefined
20 silly mapToRegistry name billboard-top-100
21 silly mapToRegistry using default registry
22 silly mapToRegistry registry https://registry.npmjs.org/
23 silly mapToRegistry uri https://registry.npmjs.org/billboard-top-100
24 verbose publish registryBase https://registry.npmjs.org/
25 silly publish uploading C:\Users\Darth\AppData\Roaming\npm-cache\billboard-top-100\1.0.6\package.tgz
26 verbose request uri https://registry.npmjs.org/billboard-top-100
27 verbose request sending authorization for write operation
28 info attempt registry request try #1 at 5:04:33 PM
29 verbose request using bearer token for auth
30 verbose request id 10b2d176b9843c74
31 http request PUT https://registry.npmjs.org/billboard-top-100
32 http 403 https://registry.npmjs.org/billboard-top-100
33 verbose headers { 'content-type': 'application/json',
33 verbose headers   'cache-control': 'max-age=300',
33 verbose headers   'content-length': '95',
33 verbose headers   'accept-ranges': 'bytes',
33 verbose headers   date: 'Thu, 13 Oct 2016 17:04:24 GMT',
33 verbose headers   via: '1.1 varnish',
33 verbose headers   connection: 'keep-alive',
33 verbose headers   'x-served-by': 'cache-jfk8136-JFK',
33 verbose headers   'x-cache': 'MISS',
33 verbose headers   'x-cache-hits': '0',
33 verbose headers   'x-timer': 'S1476378263.744923,VS0,VE871',
33 verbose headers   vary: 'Accept-Encoding' }
34 verbose request invalidating C:\Users\Darth\AppData\Roaming\npm-cache\registry.npmjs.org\billboard-top-100 on PUT
35 error publish Failed PUT 403
36 verbose stack Error: "You cannot publish over the previously published version 1.0.6." : billboard-top-100
36 verbose stack     at makeError (C:\Program Files\nodejs\node_modules\npm\node_modules\npm-registry-client\lib\request.js:264:12)
36 verbose stack     at CachingRegistryClient.<anonymous> (C:\Program Files\nodejs\node_modules\npm\node_modules\npm-registry-client\lib\request.js:252:14)
36 verbose stack     at Request._callback (C:\Program Files\nodejs\node_modules\npm\node_modules\npm-registry-client\lib\request.js:172:14)
36 verbose stack     at Request.self.callback (C:\Program Files\nodejs\node_modules\npm\node_modules\request\request.js:198:22)
36 verbose stack     at emitTwo (events.js:87:13)
36 verbose stack     at Request.emit (events.js:172:7)
36 verbose stack     at Request.<anonymous> (C:\Program Files\nodejs\node_modules\npm\node_modules\request\request.js:1082:10)
36 verbose stack     at emitOne (events.js:82:20)
36 verbose stack     at Request.emit (events.js:169:7)
36 verbose stack     at IncomingMessage.<anonymous> (C:\Program Files\nodejs\node_modules\npm\node_modules\request\request.js:1009:12)
37 verbose statusCode 403
38 verbose pkgid billboard-top-100
39 verbose cwd C:\Rishi\Programming\NodeJS\billboard-top-100
40 error Windows_NT 10.0.14393
41 error argv "C:\\Program Files\\nodejs\\node.exe" "C:\\Program Files\\nodejs\\node_modules\\npm\\bin\\npm-cli.js" "publish"
42 error node v5.1.0
43 error npm  v3.3.12
44 error code E403
45 error "You cannot publish over the previously published version 1.0.6." : billboard-top-100
46 error If you need help, you may report this error at:
46 error     <https://github.com/npm/npm/issues>
47 verbose exit [ 1, true ]
